<?xml version="1.0" encoding="UTF-8"?>
<testsuite name="numeric) values" tests="2" skipped="0" failures="0" errors="0" timestamp="2019-09-22T21:53:02" hostname="USPG2-F3V8M72" time="0.004">
  <properties/>
  <testcase name="When I submit a new measurement as follows:(Scenario: Add a measurement with valid " classname="numeric) values" time="0.0"/>
  <testcase name="Then the response has a status code of 201(Scenario: Add a measurement with valid " classname="numeric) values" time="0.0"/>
  <system-out><![CDATA[]]></system-out>
  <system-err><![CDATA[]]></system-err>
</testsuite>
